app/build/intermediates/manifest_merge_blame_file/debug/manifest-merger-blame-debug-report.txt
1<?xml version="1.0" encoding="utf-8"?>
2<manifest xmlns:android="http://schemas.android.com/apk/res/android"
3    package="com.rakshakavach"
4    android:versionCode="1"
5    android:versionName="1.0" >
6
7    <uses-sdk
8        android:minSdkVersion="24"
9        android:targetSdkVersion="34" />
10
11    <uses-permission android:name="android.permission.POST_NOTIFICATIONS" />
11-->src\main\AndroidManifest.xml:4:5-77
11-->src\main\AndroidManifest.xml:4:22-74
12    <uses-permission android:name="android.permission.RECEIVE_BOOT_COMPLETED" />
12-->src\main\AndroidManifest.xml:5:5-81
12-->src\main\AndroidManifest.xml:5:22-78
13    <uses-permission android:name="android.permission.SCHEDULE_EXACT_ALARM" />
13-->src\main\AndroidManifest.xml:6:5-79
13-->src\main\AndroidManifest.xml:6:22-76
14    <uses-permission android:name="android.permission.USE_EXACT_ALARM" />
14-->src\main\AndroidManifest.xml:7:5-74
14-->src\main\AndroidManifest.xml:7:22-71
15    <uses-permission android:name="android.permission.VIBRATE" />
15-->src\main\AndroidManifest.xml:8:5-66
15-->src\main\AndroidManifest.xml:8:22-63
16    <uses-permission android:name="android.permission.INTERNET" />
16-->src\main\AndroidManifest.xml:9:5-67
16-->src\main\AndroidManifest.xml:9:22-64
17    <uses-permission android:name="android.permission.WAKE_LOCK" />
17-->[androidx.work:work-runtime:2.9.0] AndroidManifest.xml:23:5-68
17-->[androidx.work:work-runtime:2.9.0] AndroidManifest.xml:23:22-65
18    <uses-permission android:name="android.permission.ACCESS_NETWORK_STATE" />
18-->[androidx.work:work-runtime:2.9.0] AndroidManifest.xml:24:5-79
18-->[androidx.work:work-runtime:2.9.0] AndroidManifest.xml:24:22-76
19    <uses-permission android:name="android.permission.FOREGROUND_SERVICE" />
19-->[androidx.work:work-runtime:2.9.0] AndroidManifest.xml:26:5-77
19-->[androidx.work:work-runtime:2.9.0] AndroidManifest.xml:26:22-74
20
21    <permission
21-->[androidx.core:core:1.9.0] AndroidManifest.xml:22:5-24:47
22        android:name="com.rakshakavach.DYNAMIC_RECEIVER_NOT_EXPORTED_PERMISSION"
22-->[androidx.core:core:1.9.0] AndroidManifest.xml:23:9-81
23        android:protectionLevel="signature" />
23-->[androidx.core:core:1.9.0] AndroidManifest.xml:24:9-44
24
25    <uses-permission android:name="com.rakshakavach.DYNAMIC_RECEIVER_NOT_EXPORTED_PERMISSION" />
25-->[androidx.core:core:1.9.0] AndroidManifest.xml:26:5-97
25-->[androidx.core:core:1.9.0] AndroidManifest.xml:26:22-94
26
27    <application
27-->src\main\AndroidManifest.xml:11:5-100:19
28        android:allowBackup="true"
28-->src\main\AndroidManifest.xml:12:9-35
29        android:appComponentFactory="androidx.core.app.CoreComponentFactory"
29-->[androidx.core:core:1.9.0] AndroidManifest.xml:28:18-86
30        android:debuggable="true"
31        android:extractNativeLibs="false"
32        android:icon="@mipmap/ic_launcher"
32-->src\main\AndroidManifest.xml:13:9-43
33        android:label="@string/app_name"
33-->src\main\AndroidManifest.xml:14:9-41
34        android:roundIcon="@mipmap/ic_launcher_round"
34-->src\main\AndroidManifest.xml:15:9-54
35        android:supportsRtl="true"
35-->src\main\AndroidManifest.xml:16:9-35
36        android:testOnly="true"
37        android:theme="@style/Theme.RakshaKavach" >
37-->src\main\AndroidManifest.xml:17:9-50
38
39        <!-- LAUNCHER -->
40        <activity
40-->src\main\AndroidManifest.xml:20:9-29:20
41            android:name="com.rakshakavach.ui.SplashActivity"
41-->src\main\AndroidManifest.xml:21:13-46
42            android:exported="true"
42-->src\main\AndroidManifest.xml:22:13-36
43            android:screenOrientation="portrait"
43-->src\main\AndroidManifest.xml:23:13-49
44            android:theme="@style/Theme.RakshaKavach.Splash" >
44-->src\main\AndroidManifest.xml:24:13-61
45            <intent-filter>
45-->src\main\AndroidManifest.xml:25:13-28:29
46                <action android:name="android.intent.action.MAIN" />
46-->src\main\AndroidManifest.xml:26:17-69
46-->src\main\AndroidManifest.xml:26:25-66
47
48                <category android:name="android.intent.category.LAUNCHER" />
48-->src\main\AndroidManifest.xml:27:17-77
48-->src\main\AndroidManifest.xml:27:27-74
49            </intent-filter>
50        </activity>
51
52        <!-- AUTH -->
53        <activity
53-->src\main\AndroidManifest.xml:32:9-36:58
54            android:name="com.rakshakavach.ui.LoginActivity"
54-->src\main\AndroidManifest.xml:33:13-45
55            android:exported="false"
55-->src\main\AndroidManifest.xml:34:13-37
56            android:screenOrientation="portrait"
56-->src\main\AndroidManifest.xml:35:13-49
57            android:windowSoftInputMode="adjustResize" />
57-->src\main\AndroidManifest.xml:36:13-55
58
59        <!-- MAIN APP -->
60        <activity
60-->src\main\AndroidManifest.xml:39:9-42:52
61            android:name="com.rakshakavach.ui.MainActivity"
61-->src\main\AndroidManifest.xml:40:13-44
62            android:exported="false"
62-->src\main\AndroidManifest.xml:41:13-37
63            android:screenOrientation="portrait" />
63-->src\main\AndroidManifest.xml:42:13-49
64        <activity
64-->src\main\AndroidManifest.xml:44:9-48:58
65            android:name="com.rakshakavach.ui.TaskSelectorActivity"
65-->src\main\AndroidManifest.xml:45:13-52
66            android:exported="false"
66-->src\main\AndroidManifest.xml:46:13-37
67            android:screenOrientation="portrait"
67-->src\main\AndroidManifest.xml:47:13-49
68            android:windowSoftInputMode="adjustResize" />
68-->src\main\AndroidManifest.xml:48:13-55
69        <activity
69-->src\main\AndroidManifest.xml:50:9-53:52
70            android:name="com.rakshakavach.ui.SafetyChecklistActivity"
70-->src\main\AndroidManifest.xml:51:13-55
71            android:exported="false"
71-->src\main\AndroidManifest.xml:52:13-37
72            android:screenOrientation="portrait" />
72-->src\main\AndroidManifest.xml:53:13-49
73        <activity
73-->src\main\AndroidManifest.xml:55:9-58:52
74            android:name="com.rakshakavach.ui.RiskMeterActivity"
74-->src\main\AndroidManifest.xml:56:13-49
75            android:exported="false"
75-->src\main\AndroidManifest.xml:57:13-37
76            android:screenOrientation="portrait" />
76-->src\main\AndroidManifest.xml:58:13-49
77        <activity
77-->src\main\AndroidManifest.xml:60:9-64:58
78            android:name="com.rakshakavach.ui.IncidentLogActivity"
78-->src\main\AndroidManifest.xml:61:13-51
79            android:exported="false"
79-->src\main\AndroidManifest.xml:62:13-37
80            android:screenOrientation="portrait"
80-->src\main\AndroidManifest.xml:63:13-49
81            android:windowSoftInputMode="adjustResize" />
81-->src\main\AndroidManifest.xml:64:13-55
82        <activity
82-->src\main\AndroidManifest.xml:66:9-69:52
83            android:name="com.rakshakavach.ui.DailyQuizActivity"
83-->src\main\AndroidManifest.xml:67:13-49
84            android:exported="false"
84-->src\main\AndroidManifest.xml:68:13-37
85            android:screenOrientation="portrait" />
85-->src\main\AndroidManifest.xml:69:13-49
86        <activity
86-->src\main\AndroidManifest.xml:71:9-74:52
87            android:name="com.rakshakavach.ui.SafetyScoreActivity"
87-->src\main\AndroidManifest.xml:72:13-51
88            android:exported="false"
88-->src\main\AndroidManifest.xml:73:13-37
89            android:screenOrientation="portrait" />
89-->src\main\AndroidManifest.xml:74:13-49
90
91        <!-- RECEIVERS -->
92        <receiver
92-->src\main\AndroidManifest.xml:77:9-83:20
93            android:name="com.rakshakavach.receiver.BootReceiver"
93-->src\main\AndroidManifest.xml:78:13-50
94            android:exported="true" >
94-->src\main\AndroidManifest.xml:79:13-36
95            <intent-filter>
95-->src\main\AndroidManifest.xml:80:13-82:29
96                <action android:name="android.intent.action.BOOT_COMPLETED" />
96-->src\main\AndroidManifest.xml:81:17-79
96-->src\main\AndroidManifest.xml:81:25-76
97            </intent-filter>
98        </receiver>
99        <receiver
99-->src\main\AndroidManifest.xml:85:9-87:40
100            android:name="com.rakshakavach.receiver.AlarmReceiver"
100-->src\main\AndroidManifest.xml:86:13-51
101            android:exported="false" />
101-->src\main\AndroidManifest.xml:87:13-37
102
103        <!-- FILE PROVIDER -->
104        <provider
105            android:name="androidx.core.content.FileProvider"
105-->src\main\AndroidManifest.xml:91:13-62
106            android:authorities="com.rakshakavach.fileprovider"
106-->src\main\AndroidManifest.xml:92:13-64
107            android:exported="false"
107-->src\main\AndroidManifest.xml:93:13-37
108            android:grantUriPermissions="true" >
108-->src\main\AndroidManifest.xml:94:13-47
109            <meta-data
109-->src\main\AndroidManifest.xml:95:13-97:54
110                android:name="android.support.FILE_PROVIDER_PATHS"
110-->src\main\AndroidManifest.xml:96:17-67
111                android:resource="@xml/file_paths" />
111-->src\main\AndroidManifest.xml:97:17-51
112        </provider>
113        <provider
113-->[androidx.work:work-runtime:2.9.0] AndroidManifest.xml:29:9-37:20
114            android:name="androidx.startup.InitializationProvider"
114-->[androidx.work:work-runtime:2.9.0] AndroidManifest.xml:30:13-67
115            android:authorities="com.rakshakavach.androidx-startup"
115-->[androidx.work:work-runtime:2.9.0] AndroidManifest.xml:31:13-68
116            android:exported="false" >
116-->[androidx.work:work-runtime:2.9.0] AndroidManifest.xml:32:13-37
117            <meta-data
117-->[androidx.work:work-runtime:2.9.0] AndroidManifest.xml:34:13-36:52
118                android:name="androidx.work.WorkManagerInitializer"
118-->[androidx.work:work-runtime:2.9.0] AndroidManifest.xml:35:17-68
119                android:value="androidx.startup" />
119-->[androidx.work:work-runtime:2.9.0] AndroidManifest.xml:36:17-49
120            <meta-data
120-->[androidx.emoji2:emoji2:1.2.0] AndroidManifest.xml:29:13-31:52
121                android:name="androidx.emoji2.text.EmojiCompatInitializer"
121-->[androidx.emoji2:emoji2:1.2.0] AndroidManifest.xml:30:17-75
122                android:value="androidx.startup" />
122-->[androidx.emoji2:emoji2:1.2.0] AndroidManifest.xml:31:17-49
123            <meta-data
123-->[androidx.lifecycle:lifecycle-process:2.7.0] AndroidManifest.xml:29:13-31:52
124                android:name="androidx.lifecycle.ProcessLifecycleInitializer"
124-->[androidx.lifecycle:lifecycle-process:2.7.0] AndroidManifest.xml:30:17-78
125                android:value="androidx.startup" />
125-->[androidx.lifecycle:lifecycle-process:2.7.0] AndroidManifest.xml:31:17-49
126            <meta-data
126-->[androidx.profileinstaller:profileinstaller:1.3.0] AndroidManifest.xml:29:13-31:52
127                android:name="androidx.profileinstaller.ProfileInstallerInitializer"
127-->[androidx.profileinstaller:profileinstaller:1.3.0] AndroidManifest.xml:30:17-85
128                android:value="androidx.startup" />
128-->[androidx.profileinstaller:profileinstaller:1.3.0] AndroidManifest.xml:31:17-49
129        </provider>
130
131        <service
131-->[androidx.work:work-runtime:2.9.0] AndroidManifest.xml:39:9-45:35
132            android:name="androidx.work.impl.background.systemalarm.SystemAlarmService"
132-->[androidx.work:work-runtime:2.9.0] AndroidManifest.xml:40:13-88
133            android:directBootAware="false"
133-->[androidx.work:work-runtime:2.9.0] AndroidManifest.xml:41:13-44
134            android:enabled="@bool/enable_system_alarm_service_default"
134-->[androidx.work:work-runtime:2.9.0] AndroidManifest.xml:42:13-72
135            android:exported="false" />
135-->[androidx.work:work-runtime:2.9.0] AndroidManifest.xml:43:13-37
136        <service
136-->[androidx.work:work-runtime:2.9.0] AndroidManifest.xml:46:9-52:35
137            android:name="androidx.work.impl.background.systemjob.SystemJobService"
137-->[androidx.work:work-runtime:2.9.0] AndroidManifest.xml:47:13-84
138            android:directBootAware="false"
138-->[androidx.work:work-runtime:2.9.0] AndroidManifest.xml:48:13-44
139            android:enabled="@bool/enable_system_job_service_default"
139-->[androidx.work:work-runtime:2.9.0] AndroidManifest.xml:49:13-70
140            android:exported="true"
140-->[androidx.work:work-runtime:2.9.0] AndroidManifest.xml:50:13-36
141            android:permission="android.permission.BIND_JOB_SERVICE" />
141-->[androidx.work:work-runtime:2.9.0] AndroidManifest.xml:51:13-69
142        <service
142-->[androidx.work:work-runtime:2.9.0] AndroidManifest.xml:53:9-59:35
143            android:name="androidx.work.impl.foreground.SystemForegroundService"
143-->[androidx.work:work-runtime:2.9.0] AndroidManifest.xml:54:13-81
144            android:directBootAware="false"
144-->[androidx.work:work-runtime:2.9.0] AndroidManifest.xml:55:13-44
145            android:enabled="@bool/enable_system_foreground_service_default"
145-->[androidx.work:work-runtime:2.9.0] AndroidManifest.xml:56:13-77
146            android:exported="false" />
146-->[androidx.work:work-runtime:2.9.0] AndroidManifest.xml:57:13-37
147
148        <receiver
148-->[androidx.work:work-runtime:2.9.0] AndroidManifest.xml:61:9-66:35
149            android:name="androidx.work.impl.utils.ForceStopRunnable$BroadcastReceiver"
149-->[androidx.work:work-runtime:2.9.0] AndroidManifest.xml:62:13-88
150            android:directBootAware="false"
150-->[androidx.work:work-runtime:2.9.0] AndroidManifest.xml:63:13-44
151            android:enabled="true"
151-->[androidx.work:work-runtime:2.9.0] AndroidManifest.xml:64:13-35
152            android:exported="false" />
152-->[androidx.work:work-runtime:2.9.0] AndroidManifest.xml:65:13-37
153        <receiver
153-->[androidx.work:work-runtime:2.9.0] AndroidManifest.xml:67:9-77:20
154            android:name="androidx.work.impl.background.systemalarm.ConstraintProxy$BatteryChargingProxy"
154-->[androidx.work:work-runtime:2.9.0] AndroidManifest.xml:68:13-106
155            android:directBootAware="false"
155-->[androidx.work:work-runtime:2.9.0] AndroidManifest.xml:69:13-44
156            android:enabled="false"
156-->[androidx.work:work-runtime:2.9.0] AndroidManifest.xml:70:13-36
157            android:exported="false" >
157-->[androidx.work:work-runtime:2.9.0] AndroidManifest.xml:71:13-37
158            <intent-filter>
158-->[androidx.work:work-runtime:2.9.0] AndroidManifest.xml:73:13-76:29
159                <action android:name="android.intent.action.ACTION_POWER_CONNECTED" />
159-->[androidx.work:work-runtime:2.9.0] AndroidManifest.xml:74:17-87
159-->[androidx.work:work-runtime:2.9.0] AndroidManifest.xml:74:25-84
160                <action android:name="android.intent.action.ACTION_POWER_DISCONNECTED" />
160-->[androidx.work:work-runtime:2.9.0] AndroidManifest.xml:75:17-90
160-->[androidx.work:work-runtime:2.9.0] AndroidManifest.xml:75:25-87
161            </intent-filter>
162        </receiver>
163        <receiver
163-->[androidx.work:work-runtime:2.9.0] AndroidManifest.xml:78:9-88:20
164            android:name="androidx.work.impl.background.systemalarm.ConstraintProxy$BatteryNotLowProxy"
164-->[androidx.work:work-runtime:2.9.0] AndroidManifest.xml:79:13-104
165            android:directBootAware="false"
165-->[androidx.work:work-runtime:2.9.0] AndroidManifest.xml:80:13-44
166            android:enabled="false"
166-->[androidx.work:work-runtime:2.9.0] AndroidManifest.xml:81:13-36
167            android:exported="false" >
167-->[androidx.work:work-runtime:2.9.0] AndroidManifest.xml:82:13-37
168            <intent-filter>
168-->[androidx.work:work-runtime:2.9.0] AndroidManifest.xml:84:13-87:29
169                <action android:name="android.intent.action.BATTERY_OKAY" />
169-->[androidx.work:work-runtime:2.9.0] AndroidManifest.xml:85:17-77
169-->[androidx.work:work-runtime:2.9.0] AndroidManifest.xml:85:25-74
170                <action android:name="android.intent.action.BATTERY_LOW" />
170-->[androidx.work:work-runtime:2.9.0] AndroidManifest.xml:86:17-76
170-->[androidx.work:work-runtime:2.9.0] AndroidManifest.xml:86:25-73
171            </intent-filter>
172        </receiver>
173        <receiver
173-->[androidx.work:work-runtime:2.9.0] AndroidManifest.xml:89:9-99:20
174            android:name="androidx.work.impl.background.systemalarm.ConstraintProxy$StorageNotLowProxy"
174-->[androidx.work:work-runtime:2.9.0] AndroidManifest.xml:90:13-104
175            android:directBootAware="false"
175-->[androidx.work:work-runtime:2.9.0] AndroidManifest.xml:91:13-44
176            android:enabled="false"
176-->[androidx.work:work-runtime:2.9.0] AndroidManifest.xml:92:13-36
177            android:exported="false" >
177-->[androidx.work:work-runtime:2.9.0] AndroidManifest.xml:93:13-37
178            <intent-filter>
178-->[androidx.work:work-runtime:2.9.0] AndroidManifest.xml:95:13-98:29
179                <action android:name="android.intent.action.DEVICE_STORAGE_LOW" />
179-->[androidx.work:work-runtime:2.9.0] AndroidManifest.xml:96:17-83
179-->[androidx.work:work-runtime:2.9.0] AndroidManifest.xml:96:25-80
180                <action android:name="android.intent.action.DEVICE_STORAGE_OK" />
180-->[androidx.work:work-runtime:2.9.0] AndroidManifest.xml:97:17-82
180-->[androidx.work:work-runtime:2.9.0] AndroidManifest.xml:97:25-79
181            </intent-filter>
182        </receiver>
183        <receiver
183-->[androidx.work:work-runtime:2.9.0] AndroidManifest.xml:100:9-109:20
184            android:name="androidx.work.impl.background.systemalarm.ConstraintProxy$NetworkStateProxy"
184-->[androidx.work:work-runtime:2.9.0] AndroidManifest.xml:101:13-103
185            android:directBootAware="false"
185-->[androidx.work:work-runtime:2.9.0] AndroidManifest.xml:102:13-44
186            android:enabled="false"
186-->[androidx.work:work-runtime:2.9.0] AndroidManifest.xml:103:13-36
187            android:exported="false" >
187-->[androidx.work:work-runtime:2.9.0] AndroidManifest.xml:104:13-37
188            <intent-filter>
188-->[androidx.work:work-runtime:2.9.0] AndroidManifest.xml:106:13-108:29
189                <action android:name="android.net.conn.CONNECTIVITY_CHANGE" />
189-->[androidx.work:work-runtime:2.9.0] AndroidManifest.xml:107:17-79
189-->[androidx.work:work-runtime:2.9.0] AndroidManifest.xml:107:25-76
190            </intent-filter>
191        </receiver>
192        <receiver
192-->[androidx.work:work-runtime:2.9.0] AndroidManifest.xml:110:9-121:20
193            android:name="androidx.work.impl.background.systemalarm.RescheduleReceiver"
193-->[androidx.work:work-runtime:2.9.0] AndroidManifest.xml:111:13-88
194            android:directBootAware="false"
194-->[androidx.work:work-runtime:2.9.0] AndroidManifest.xml:112:13-44
195            android:enabled="false"
195-->[androidx.work:work-runtime:2.9.0] AndroidManifest.xml:113:13-36
196            android:exported="false" >
196-->[androidx.work:work-runtime:2.9.0] AndroidManifest.xml:114:13-37
197            <intent-filter>
197-->[androidx.work:work-runtime:2.9.0] AndroidManifest.xml:116:13-120:29
198                <action android:name="android.intent.action.BOOT_COMPLETED" />
198-->src\main\AndroidManifest.xml:81:17-79
198-->src\main\AndroidManifest.xml:81:25-76
199                <action android:name="android.intent.action.TIME_SET" />
199-->[androidx.work:work-runtime:2.9.0] AndroidManifest.xml:118:17-73
199-->[androidx.work:work-runtime:2.9.0] AndroidManifest.xml:118:25-70
200                <action android:name="android.intent.action.TIMEZONE_CHANGED" />
200-->[androidx.work:work-runtime:2.9.0] AndroidManifest.xml:119:17-81
200-->[androidx.work:work-runtime:2.9.0] AndroidManifest.xml:119:25-78
201            </intent-filter>
202        </receiver>
203        <receiver
203-->[androidx.work:work-runtime:2.9.0] AndroidManifest.xml:122:9-131:20
204            android:name="androidx.work.impl.background.systemalarm.ConstraintProxyUpdateReceiver"
204-->[androidx.work:work-runtime:2.9.0] AndroidManifest.xml:123:13-99
205            android:directBootAware="false"
205-->[androidx.work:work-runtime:2.9.0] AndroidManifest.xml:124:13-44
206            android:enabled="@bool/enable_system_alarm_service_default"
206-->[androidx.work:work-runtime:2.9.0] AndroidManifest.xml:125:13-72
207            android:exported="false" >
207-->[androidx.work:work-runtime:2.9.0] AndroidManifest.xml:126:13-37
208            <intent-filter>
208-->[androidx.work:work-runtime:2.9.0] AndroidManifest.xml:128:13-130:29
209                <action android:name="androidx.work.impl.background.systemalarm.UpdateProxies" />
209-->[androidx.work:work-runtime:2.9.0] AndroidManifest.xml:129:17-98
209-->[androidx.work:work-runtime:2.9.0] AndroidManifest.xml:129:25-95
210            </intent-filter>
211        </receiver>
212        <receiver
212-->[androidx.work:work-runtime:2.9.0] AndroidManifest.xml:132:9-142:20
213            android:name="androidx.work.impl.diagnostics.DiagnosticsReceiver"
213-->[androidx.work:work-runtime:2.9.0] AndroidManifest.xml:133:13-78
214            android:directBootAware="false"
214-->[androidx.work:work-runtime:2.9.0] AndroidManifest.xml:134:13-44
215            android:enabled="true"
215-->[androidx.work:work-runtime:2.9.0] AndroidManifest.xml:135:13-35
216            android:exported="true"
216-->[androidx.work:work-runtime:2.9.0] AndroidManifest.xml:136:13-36
217            android:permission="android.permission.DUMP" >
217-->[androidx.work:work-runtime:2.9.0] AndroidManifest.xml:137:13-57
218            <intent-filter>
218-->[androidx.work:work-runtime:2.9.0] AndroidManifest.xml:139:13-141:29
219                <action android:name="androidx.work.diagnostics.REQUEST_DIAGNOSTICS" />
219-->[androidx.work:work-runtime:2.9.0] AndroidManifest.xml:140:17-88
219-->[androidx.work:work-runtime:2.9.0] AndroidManifest.xml:140:25-85
220            </intent-filter>
221        </receiver>
222
223        <service
223-->[androidx.room:room-runtime:2.6.1] AndroidManifest.xml:24:9-28:63
224            android:name="androidx.room.MultiInstanceInvalidationService"
224-->[androidx.room:room-runtime:2.6.1] AndroidManifest.xml:25:13-74
225            android:directBootAware="true"
225-->[androidx.room:room-runtime:2.6.1] AndroidManifest.xml:26:13-43
226            android:exported="false" />
226-->[androidx.room:room-runtime:2.6.1] AndroidManifest.xml:27:13-37
227
228        <uses-library
228-->[androidx.window:window:1.0.0] AndroidManifest.xml:25:9-27:40
229            android:name="androidx.window.extensions"
229-->[androidx.window:window:1.0.0] AndroidManifest.xml:26:13-54
230            android:required="false" />
230-->[androidx.window:window:1.0.0] AndroidManifest.xml:27:13-37
231        <uses-library
231-->[androidx.window:window:1.0.0] AndroidManifest.xml:28:9-30:40
232            android:name="androidx.window.sidecar"
232-->[androidx.window:window:1.0.0] AndroidManifest.xml:29:13-51
233            android:required="false" />
233-->[androidx.window:window:1.0.0] AndroidManifest.xml:30:13-37
234
235        <receiver
235-->[androidx.profileinstaller:profileinstaller:1.3.0] AndroidManifest.xml:34:9-52:20
236            android:name="androidx.profileinstaller.ProfileInstallReceiver"
236-->[androidx.profileinstaller:profileinstaller:1.3.0] AndroidManifest.xml:35:13-76
237            android:directBootAware="false"
237-->[androidx.profileinstaller:profileinstaller:1.3.0] AndroidManifest.xml:36:13-44
238            android:enabled="true"
238-->[androidx.profileinstaller:profileinstaller:1.3.0] AndroidManifest.xml:37:13-35
239            android:exported="true"
239-->[androidx.profileinstaller:profileinstaller:1.3.0] AndroidManifest.xml:38:13-36
240            android:permission="android.permission.DUMP" >
240-->[androidx.profileinstaller:profileinstaller:1.3.0] AndroidManifest.xml:39:13-57
241            <intent-filter>
241-->[androidx.profileinstaller:profileinstaller:1.3.0] AndroidManifest.xml:40:13-42:29
242                <action android:name="androidx.profileinstaller.action.INSTALL_PROFILE" />
242-->[androidx.profileinstaller:profileinstaller:1.3.0] AndroidManifest.xml:41:17-91
242-->[androidx.profileinstaller:profileinstaller:1.3.0] AndroidManifest.xml:41:25-88
243            </intent-filter>
244            <intent-filter>
244-->[androidx.profileinstaller:profileinstaller:1.3.0] AndroidManifest.xml:43:13-45:29
245                <action android:name="androidx.profileinstaller.action.SKIP_FILE" />
245-->[androidx.profileinstaller:profileinstaller:1.3.0] AndroidManifest.xml:44:17-85
245-->[androidx.profileinstaller:profileinstaller:1.3.0] AndroidManifest.xml:44:25-82
246            </intent-filter>
247            <intent-filter>
247-->[androidx.profileinstaller:profileinstaller:1.3.0] AndroidManifest.xml:46:13-48:29
248                <action android:name="androidx.profileinstaller.action.SAVE_PROFILE" />
248-->[androidx.profileinstaller:profileinstaller:1.3.0] AndroidManifest.xml:47:17-88
248-->[androidx.profileinstaller:profileinstaller:1.3.0] AndroidManifest.xml:47:25-85
249            </intent-filter>
250            <intent-filter>
250-->[androidx.profileinstaller:profileinstaller:1.3.0] AndroidManifest.xml:49:13-51:29
251                <action android:name="androidx.profileinstaller.action.BENCHMARK_OPERATION" />
251-->[androidx.profileinstaller:profileinstaller:1.3.0] AndroidManifest.xml:50:17-95
251-->[androidx.profileinstaller:profileinstaller:1.3.0] AndroidManifest.xml:50:25-92
252            </intent-filter>
253        </receiver>
254    </application>
255
256</manifest>